<?xml version="1.0" encoding="UTF-8"?>
<testng-results skipped="0" failed="0" ignored="0" total="1" passed="1">
  <reporter-output>
  </reporter-output>
  <suite name="Default suite" duration-ms="94" started-at="2020-07-18T17:05:16 EDT" finished-at="2020-07-18T17:05:16 EDT">
    <groups>
    </groups>
    <test name="Default test" duration-ms="94" started-at="2020-07-18T17:05:16 EDT" finished-at="2020-07-18T17:05:16 EDT">
      <class name="rased.rasuTest">
        <test-method status="PASS" signature="sas2()[pri:0, instance:rased.rasuTest@3cef309d]" name="sas2" duration-ms="14" started-at="2020-07-18T17:05:16 EDT" finished-at="2020-07-18T17:05:16 EDT">
          <reporter-output>
          </reporter-output>
        </test-method> <!-- sas2 -->
      </class> <!-- rased.rasuTest -->
    </test> <!-- Default test -->
  </suite> <!-- Default suite -->
</testng-results>
